<?xml version="1.0" encoding="UTF-8"?>
<!-- Generated by org.testng.reporters.JUnitReportReporter -->
<testsuite skipped="0" hostname="Saroja" name="com.paypal.qa.testcases.GoogleSerchPageTest" tests="1" failures="0" timestamp="2020-09-21T16:35:30 PDT" time="10.123" errors="0">
  <testcase name="googleSearchTest" time="10.123" classname="com.paypal.qa.testcases.GoogleSerchPageTest"/>
  <system-out/>
</testsuite> <!-- com.paypal.qa.testcases.GoogleSerchPageTest -->
